Build started 4/15/2016 10:32:55 AM.
     1>Project "C:\Users\joseph.caruso\Desktop\WORDS\WORDS\WORDS\WORDS.vcxproj" on node 2 (build target(s)).
     1>C:\WINDOWS\Microsoft.NET\Framework\v4.0.30319\Microsoft.Common.Targets(1422,5): warning : The referenced project '..\googletest\googletest.vcxproj' does not exist.
     1>InitializeBuildStatus:
         Creating "Debug\WORDS.unsuccessfulbuild" because "AlwaysCreate" was specified.
       ClCompile:
         c:\Program Files (x86)\Microsoft Visual Studio 10.0\VC\bin\CL.exe /c /ZI /nologo /W3 /WX- /Od /Oy- /D _MBCS /Gm /EHsc /RTC1 /MDd /GS /fp:precise /Zc:wchar_t /Zc:forScope /Fo"Debug\\" /Fd"Debug\vc100.pdb" /Gd /TP /analyze- /errorReport:prompt main.cpp
         main.cpp
     1>c:\users\joseph.caruso\desktop\words\words\words\main.cpp(8): warning C4244: 'argument' : conversion from 'time_t' to 'unsigned int', possible loss of data
     1>c:\users\joseph.caruso\desktop\words\words\words\main.cpp(37): warning C4244: 'argument' : conversion from 'time_t' to 'unsigned int', possible loss of data
       Link:
         c:\Program Files (x86)\Microsoft Visual Studio 10.0\VC\bin\link.exe /ERRORREPORT:PROMPT /OUT:"C:\Users\joseph.caruso\Desktop\WORDS\WORDS\Debug\WORDS.exe" /NOLOGO kernel32.lib user32.lib gdi32.lib winspool.lib comdlg32.lib advapi32.lib shell32.lib ole32.lib oleaut32.lib uuid.lib odbc32.lib odbccp32.lib /MANIFEST /ManifestFile:"Debug\WORDS.exe.intermediate.manifest" /MANIFESTUAC:"level='asInvoker' uiAccess='false'" /DEBUG /PDB:"C:\Users\joseph.caruso\Desktop\WORDS\WORDS\Debug\WORDS.pdb" /TLBID:1 /DYNAMICBASE /NXCOMPAT /IMPLIB:"C:\Users\joseph.caruso\Desktop\WORDS\WORDS\Debug\WORDS.lib" /MACHINE:X86 Debug\main.obj
         LINK : C:\Users\joseph.caruso\Desktop\WORDS\WORDS\Debug\WORDS.exe not found or not built by the last incremental link; performing full link
         WORDS.vcxproj -> C:\Users\joseph.caruso\Desktop\WORDS\WORDS\Debug\WORDS.exe
       Manifest:
         C:\Program Files (x86)\Microsoft SDKs\Windows\v7.0A\bin\mt.exe /nologo /verbose /outputresource:"C:\Users\joseph.caruso\Desktop\WORDS\WORDS\Debug\WORDS.exe;#1" /manifest Debug\WORDS.exe.intermediate.manifest
       FinalizeBuildStatus:
         Deleting file "Debug\WORDS.unsuccessfulbuild".
         Touching "Debug\WORDS.lastbuildstate".
     1>Done Building Project "C:\Users\joseph.caruso\Desktop\WORDS\WORDS\WORDS\WORDS.vcxproj" (build target(s)).

Build succeeded.

Time Elapsed 00:00:01.67
